[debug] [2024-04-28T13:12:17.360Z] ----------------------------------------------------------------------
[debug] [2024-04-28T13:12:17.361Z] Command:       /usr/local/bin/firebase /home/mfecane/.cache/firebase/tools/lib/node_modules/firebase-tools/lib/bin/firebase deploy
[debug] [2024-04-28T13:12:17.361Z] CLI Version:   13.1.0
[debug] [2024-04-28T13:12:17.362Z] Platform:      linux
[debug] [2024-04-28T13:12:17.362Z] Node Version:  v18.5.0
[debug] [2024-04-28T13:12:17.362Z] Time:          Sun Apr 28 2024 15:12:17 GMT+0200 (Central European Summer Time)
[debug] [2024-04-28T13:12:17.362Z] ----------------------------------------------------------------------
[debug] 
[debug] [2024-04-28T13:12:17.392Z] > command requires scopes: ["email","openid","https://www.googleapis.com/auth/cloudplatformprojects.readonly","https://www.googleapis.com/auth/firebase","https://www.googleapis.com/auth/cloud-platform"]
[debug] [2024-04-28T13:12:17.392Z] > authorizing via signed-in user (aaliapkin@gmail.com)
[debug] [2024-04-28T13:12:17.392Z] [iam] checking project pinpc-e9112 for permissions ["firebase.projects.get","firebasehosting.sites.update"]
[debug] [2024-04-28T13:12:17.393Z] >>> [apiv2][query] POST https://cloudresourcemanager.googleapis.com/v1/projects/pinpc-e9112:testIamPermissions [none]
[debug] [2024-04-28T13:12:17.393Z] >>> [apiv2][(partial)header] POST https://cloudresourcemanager.googleapis.com/v1/projects/pinpc-e9112:testIamPermissions x-goog-quota-user=projects/pinpc-e9112
[debug] [2024-04-28T13:12:17.393Z] >>> [apiv2][body] POST https://cloudresourcemanager.googleapis.com/v1/projects/pinpc-e9112:testIamPermissions {"permissions":["firebase.projects.get","firebasehosting.sites.update"]}
[debug] [2024-04-28T13:12:18.259Z] <<< [apiv2][status] POST https://cloudresourcemanager.googleapis.com/v1/projects/pinpc-e9112:testIamPermissions 200
[debug] [2024-04-28T13:12:18.260Z] <<< [apiv2][body] POST https://cloudresourcemanager.googleapis.com/v1/projects/pinpc-e9112:testIamPermissions {"permissions":["firebase.projects.get","firebasehosting.sites.update"]}
[debug] [2024-04-28T13:12:18.260Z] >>> [apiv2][query] GET https://firebase.googleapis.com/v1beta1/projects/pinpc-e9112 [none]
[debug] [2024-04-28T13:12:18.577Z] <<< [apiv2][status] GET https://firebase.googleapis.com/v1beta1/projects/pinpc-e9112 200
[debug] [2024-04-28T13:12:18.577Z] <<< [apiv2][body] GET https://firebase.googleapis.com/v1beta1/projects/pinpc-e9112 {"projectId":"pinpc-e9112","projectNumber":"744405214404","displayName":"shadowcrypt","name":"projects/pinpc-e9112","resources":{"hostingSite":"pinpc-e9112","storageBucket":"pinpc-e9112.appspot.com","locationId":"europe-west"},"state":"ACTIVE","etag":"1_95b144b2-d852-4228-b12a-ada94e4a0227"}
[info] 
[info] === Deploying to 'pinpc-e9112'...
[info] 
[info] i  deploying hosting 
[debug] [2024-04-28T13:12:18.580Z] >>> [apiv2][query] POST https://firebasehosting.googleapis.com/v1beta1/projects/-/sites/shadowcrypt/versions [none]
[debug] [2024-04-28T13:12:18.580Z] >>> [apiv2][body] POST https://firebasehosting.googleapis.com/v1beta1/projects/-/sites/shadowcrypt/versions {"status":"CREATED","labels":{"deployment-tool":"cli-firebase"}}
[debug] [2024-04-28T13:12:20.216Z] <<< [apiv2][status] POST https://firebasehosting.googleapis.com/v1beta1/projects/-/sites/shadowcrypt/versions 200
[debug] [2024-04-28T13:12:20.217Z] <<< [apiv2][body] POST https://firebasehosting.googleapis.com/v1beta1/projects/-/sites/shadowcrypt/versions {"name":"projects/744405214404/sites/shadowcrypt/versions/43a7c7a9b83c838e","status":"CREATED","config":{},"labels":{"deployment-tool":"cli-firebase"}}
[info] i  hosting[shadowcrypt]: beginning deploy... 
[info] i  hosting[shadowcrypt]: found 32 files in frontend/dist 
[debug] [2024-04-28T13:12:20.221Z] [hosting] uploading with 200 concurrency
[debug] [2024-04-28T13:12:20.288Z] [hosting] hash cache [ZnJvbnRlbmQvZGlzdA] stored for 32 files
[debug] [2024-04-28T13:12:20.288Z] [hosting][hash queue][FINAL] {"max":63,"min":8,"avg":11.593749999999998,"active":0,"complete":32,"success":32,"errored":0,"retried":0,"total":32,"elapsed":66}
[debug] [2024-04-28T13:12:20.288Z] >>> [apiv2][query] POST https://firebasehosting.googleapis.com/v1beta1/projects/744405214404/sites/shadowcrypt/versions/43a7c7a9b83c838e:populateFiles [none]
[debug] [2024-04-28T13:12:20.288Z] >>> [apiv2][body] POST https://firebasehosting.googleapis.com/v1beta1/projects/744405214404/sites/shadowcrypt/versions/43a7c7a9b83c838e:populateFiles {"files":{"/favicon-16x16.png":"035b4ba9dc05150c0493d84df8e8d06044fcf2a7b534d02bbbd8e5671efb35b8","/android-chrome-192x192.png":"d1fc156530073e7cb952c6d0cf61323ff27891290b02fa82ab6c02cb81893612","/index.html":"a87a8401b71df2fd193c4174c14185094f6fc273c2d853ded02034963c448024","/favicon-32x32.png":"b5ab005fef39623b24916cc9105ea3647391235ff17b396aa30480d7483af080","/site.webmanifest":"c1bc8aa69df6770af64418300421bd39f09ba2c34107db2d0af445a867c7ab97","/apple-touch-icon.png":"b0c5db80e5efad4b29f50a54dc7d158cf752a6a71e52e18d03cb1b6a2afd3574","/assets/images/svg/back.svg":"49f42893b6772e304215e0535377e664efb8e147c506168ee6e180217d503430","/favicon.ico":"f6217e77b287c1f1c4c1a053f1a18d2ce83169f2a0021ed66ef22266eca8580c","/assets/images/svg/basket.svg":"f8dd86fc4fa7dba0802ce9fac18cd199fa552bf19087eb20e1e9a3b22ea5cdec","/assets/images/svg/bitcoin.svg":"9f0bc365dcb996a31e194ed2b6ff0f3b8427737b02aa1f539dbe58937ec00271","/assets/images/svg/cross.svg":"e70ecc80bb1eaafb6ee9af3e6c72e0dec1444f673b93b2990358ec92c67152d6","/assets/images/svg/fill.svg":"21f9a545b09befb27cc6c752b39bcbcc3f10b34c8db1ee309954636d6e791124","/assets/images/svg/dots.svg":"a64c408c68b0648ada13fc601d76fcf246e7e75ab559ac23c9f8eb5baca95405","/assets/index-FtcwCPFH.css":"8d3f846117ade31c8702832b3ed4a9d10cc30177d599bddfec72217a221d118b","/assets/images/svg/horizontal.svg":"35c7ab02d0ee86ea9f86028cd55fb76547d2fd544916065e565073425bd9103f","/assets/images/svg/logo.svg":"90201903e71bd96d49c308dffefcb3e4ee460d212e09fd54b5ba7ab9878b1d35","/assets/images/svg/minus.svg":"5dc59d18386aac67de38fe17d9900dbaa86713c10621a36a6bb0b70c102f35c1","/assets/images/svg/monero.svg":"27798848c348c1ca821207b2febb13468101e26d7b227f0e1c73b508bc043db2","/assets/images/svg/pencil.svg":"1660b33c8777ecf6ab16e8f5156b9859faf00868c814d89e6c88ced4dd5788d2","/assets/images/svg/plus.svg":"be2d94ce5a677a0c456795b72a0cc2c880a2042363556ccbe344e2b85c84cf4f","/assets/images/svg/round-minus.svg":"cc424ebf272b7e84e5dea6a1ccb7a5a36d08125bf481ad62172be4d42ad33514","/assets/images/svg/round-plus.svg":"2ae0ba88a2024877356a20a0fa879e06e35b0bd1280a28a8bf8fc6ba73e9e6f9","/assets/images/svg/person.svg":"927ca7d345b2134e5d392c49505d1047c7bc7f2194615de3b53657e63ba588b7","/assets/images/svg/vertical.svg":"0473a4e10f827ce67863c08014f9a0a94442a0c5bbf5e9aefd153c44061fc63a","/assets/images/svg/pin.svg":"e9d0fcd929fdb2ce46542e2b0895ace0e2d7d899a77c8895640d719896e2829d","/assets/images/svg/tether.svg":"c4c56b8faad7a7d09915dc38990b6f665475d14f90bcb76c24ebebea3694cf71","/assets/images/svg/select.svg":"f61a455939d4748369bac74d366bfc679fab1507b84acb31ea8fe849df6d6ccb","/assets/images/goblin_merged.jpg":"35e236f2b2d1d51d1267797b88d3e4f16ebc79417ad38bbcfc42687263392758","/android-chrome-512x512.png":"8997136ebde6af4800eefdb3be9ddc8a8deaaaef9120cb3d0b289944f77fd44f","/assets/images/cat.png":"82f91fbbeb0eb91cafda614bdc0095735dd0a6740ecd6c89bebb46b044b0e639","/assets/index-2yV1iVtC.js":"06ca0e86a9917da91a03c9401f073c94bb4e5c7fad576904583b462b4b067a4d","/assets/images/goblin_merged.png":"eb19d5ee8a982708e3cdc138da3898ca3b231525f328150d54583577cc397f54"}}
[debug] [2024-04-28T13:12:21.311Z] <<< [apiv2][status] POST https://firebasehosting.googleapis.com/v1beta1/projects/744405214404/sites/shadowcrypt/versions/43a7c7a9b83c838e:populateFiles 200
[debug] [2024-04-28T13:12:21.311Z] <<< [apiv2][body] POST https://firebasehosting.googleapis.com/v1beta1/projects/744405214404/sites/shadowcrypt/versions/43a7c7a9b83c838e:populateFiles {"uploadRequiredHashes":["06ca0e86a9917da91a03c9401f073c94bb4e5c7fad576904583b462b4b067a4d","8d3f846117ade31c8702832b3ed4a9d10cc30177d599bddfec72217a221d118b","a87a8401b71df2fd193c4174c14185094f6fc273c2d853ded02034963c448024"],"uploadUrl":"https://upload-firebasehosting.googleapis.com/upload/sites/shadowcrypt/versions/43a7c7a9b83c838e/files"}
[debug] [2024-04-28T13:12:21.311Z] >>> [apiv2][query] POST https://upload-firebasehosting.googleapis.com/upload/sites/shadowcrypt/versions/43a7c7a9b83c838e/files/06ca0e86a9917da91a03c9401f073c94bb4e5c7fad576904583b462b4b067a4d [none]
[debug] [2024-04-28T13:12:21.311Z] >>> [apiv2][body] POST https://upload-firebasehosting.googleapis.com/upload/sites/shadowcrypt/versions/43a7c7a9b83c838e/files/06ca0e86a9917da91a03c9401f073c94bb4e5c7fad576904583b462b4b067a4d [stream]
[debug] [2024-04-28T13:12:21.312Z] >>> [apiv2][query] POST https://upload-firebasehosting.googleapis.com/upload/sites/shadowcrypt/versions/43a7c7a9b83c838e/files/8d3f846117ade31c8702832b3ed4a9d10cc30177d599bddfec72217a221d118b [none]
[debug] [2024-04-28T13:12:21.312Z] >>> [apiv2][body] POST https://upload-firebasehosting.googleapis.com/upload/sites/shadowcrypt/versions/43a7c7a9b83c838e/files/8d3f846117ade31c8702832b3ed4a9d10cc30177d599bddfec72217a221d118b [stream]
[debug] [2024-04-28T13:12:21.313Z] >>> [apiv2][query] POST https://upload-firebasehosting.googleapis.com/upload/sites/shadowcrypt/versions/43a7c7a9b83c838e/files/a87a8401b71df2fd193c4174c14185094f6fc273c2d853ded02034963c448024 [none]
[debug] [2024-04-28T13:12:21.313Z] >>> [apiv2][body] POST https://upload-firebasehosting.googleapis.com/upload/sites/shadowcrypt/versions/43a7c7a9b83c838e/files/a87a8401b71df2fd193c4174c14185094f6fc273c2d853ded02034963c448024 [stream]
[debug] [2024-04-28T13:12:21.313Z] [hosting][populate queue][FINAL] {"max":1024,"min":1024,"avg":1024,"active":0,"complete":1,"success":1,"errored":0,"retried":0,"total":1,"elapsed":1026}
[debug] [2024-04-28T13:12:21.313Z] [hosting] uploads queued: 3
